2024-09-16 06:35:18,462 - rcm_tune.py - dataset:
  augmentation_type: strong
  autoaug: rand-m9-mstd0.5-inc1
  batch_size: 1024
  cutmix: 1.0
  cutmix_minmax: null
  data_dir: /mnt/vepfs/home//ImageNet
  image_size: 224
  label_smoothing: 0.0
  mixup: 0.8
  mixup_mode: batch
  mixup_prob: 1.0
  mixup_switch_prob: 0.5
  name: imagenet
  reprob: 0.0
  value_range: 0.5,0.5
diffusion:
  anchor_timesteps: 81
  aug_sigma: 0.2
  collect_across_process: true
  rescale_t: true
  schedule_sampler: singular_t
  sigma_data: 0.5
  sigma_max: 80
  sigma_min: 0.002
  tau1: 0.2
  tau2: 0.2
  weight_schedule: uniform
dist_eval: true
ema_scale:
  end_ema: 0.99
  end_scales: 80
  scale_mode: icm
  start_ema: 0.99
  start_scales: 20
  target_ema_A: 10
  target_ema_mode: fixed
  total_steps: 600000
epsilon: 0.0
eta: 0.5
lbd: 20.0
logdir: /mnt/vepfs/home//output
lr_scheduler:
  min_scale: -1
  name: warmup-cosine
  total_training_steps: 150
  warmup_steps: 5
name: debug_cnsisv1_n10lbd20eta05.pt
nnet:
  attn_drop: 0.0
  depth: 12
  drop: 0.0
  drop_path: 0.0
  embed_dim: 768
  final_norm: layernorm
  hidden_dim: 4096
  image_size: 224
  in_channels: 3
  last_bn: false
  max_scale: 81
  mlp_ratio: 4
  mlp_time_embed: false
  model_type: vit
  multibnmlp: false
  num_classes: -1
  num_heads: 12
  output_dim: 256
  p_uncond: 0.0
  patch_size: 16
  pretrain: true
  projection_layers: 3
  qk_scale: null
  qkv_bias: false
  use_bn: true
  use_checkpoint: false
noise_aug: 1.0
optimizer:
  lr_layer_decay: 0.65
  name: adamw
  param:
    betas: !!python/tuple
    - 0.9
    - 0.999
    lr: 0.0002
    momentum: 0.9
    weight_decay: 0.0
  scale_lr: false
path: /mnt/vepfs/home//output/imagenet/rRCM-B/600000.ckpt/nnet.pth
resume: ''
save_ckpt: true
seed: 1234
task: consistency
train:
  epochs: 50
  layernorm: true

2024-09-16 06:35:20,996 - rcm_tune.py - []
2024-09-16 06:35:20,997 - rcm_tune.py - []
2024-09-16 06:35:20,997 - rcm_tune.py - Use pre-trained weights:/mnt/vepfs/home//output/imagenet/rRCM-B/600000.ckpt/nnet.pth
2024-09-16 06:35:20,997 - rcm_tune.py - Total discretization steps: 81
2024-09-16 06:35:21,139 - rcm_tune.py - Using layer-wise lr decay
2024-09-16 06:35:21,140 - rcm_tune.py - Using Mixup
2024-09-16 06:35:21,140 - rcm_tune.py - normalize: Normalize(mean=[0.5, 0.5, 0.5], std=[0.5, 0.5, 0.5])
2024-09-16 06:36:20,071 - rcm_tune.py - normalize: Normalize(mean=[0.5, 0.5, 0.5], std=[0.5, 0.5, 0.5])
2024-09-16 06:39:22,597 - rcm_tune.py - {'avg_acc': -1, 'avg_loss': '6.907754641723633', 'avg_closs': 3.4538779258728027}
2024-09-16 06:39:36,523 - rcm_tune.py - {'epoch': 0, 'grad_norm': 26.002926038766326, 'param_norm': 514.8211044809474, 'lr': [1.4788823564074862e-07, 1.4788823564074862e-07, 2.2752036252422864e-07, 2.2752036252422864e-07, 3.500313269603517e-07, 3.500313269603517e-07, 5.385097337851565e-07, 5.385097337851565e-07, 8.284765135156254e-07, 8.284765135156254e-07, 1.2745792515625007e-06, 1.2745792515625007e-06, 1.9608911562500008e-06, 1.9608911562500008e-06, 3.0167556250000008e-06, 3.0167556250000008e-06, 4.641162500000001e-06, 4.641162500000001e-06, 7.140250000000002e-06, 7.140250000000002e-06, 1.0985000000000002e-05, 1.0985000000000002e-05, 1.69e-05, 1.69e-05, 2.6000000000000005e-05, 2.6000000000000005e-05, 4e-05, 4e-05], 'test_avg': 0.12109375, 'best_test_acc': '[0.12109375, 0.11458333333333333, 0.099609375, 0.11132812499999999, 0.1328125]', 'noisy_test_avg': 0.099609375, 'noisy_test_avg05': 0.11132812499999999, 'noisy_test_avg10': 0.1328125}
2024-09-16 06:42:16,928 - rcm_tune.py - {'avg_acc': -1, 'avg_loss': '6.90756178894043', 'avg_closs': 3.4538779258728027}
2024-09-16 06:42:39,718 - rcm_tune.py - {'epoch': 1, 'grad_norm': 57.77109822004595, 'param_norm': 514.8374514970011, 'lr': [2.9577647128149724e-07, 2.9577647128149724e-07, 4.550407250484573e-07, 4.550407250484573e-07, 7.000626539207035e-07, 7.000626539207035e-07, 1.077019467570313e-06, 1.077019467570313e-06, 1.6569530270312508e-06, 1.6569530270312508e-06, 2.5491585031250013e-06, 2.5491585031250013e-06, 3.9217823125000015e-06, 3.9217823125000015e-06, 6.0335112500000015e-06, 6.0335112500000015e-06, 9.282325000000003e-06, 9.282325000000003e-06, 1.4280500000000003e-05, 1.4280500000000003e-05, 2.1970000000000005e-05, 2.1970000000000005e-05, 3.38e-05, 3.38e-05, 5.200000000000001e-05, 5.200000000000001e-05, 8e-05, 8e-05], 'test_avg': 22.4609375, 'best_test_acc': '[22.4609375, 19.985026041666668, 22.99609375, 20.439453125, 16.51953125]', 'noisy_test_avg': 22.99609375, 'noisy_test_avg05': 20.439453125, 'noisy_test_avg10': 16.51953125}
2024-09-16 06:45:13,620 - rcm_tune.py - {'avg_acc': -1, 'avg_loss': '6.907133487701416', 'avg_closs': 3.453877925491333}
2024-09-16 06:45:27,317 - rcm_tune.py - {'epoch': 2, 'grad_norm': 113.82368033746354, 'param_norm': 514.9545247123564, 'lr': [4.436647069222458e-07, 4.436647069222458e-07, 6.825610875726859e-07, 6.825610875726859e-07, 1.050093980881055e-06, 1.050093980881055e-06, 1.6155292013554694e-06, 1.6155292013554694e-06, 2.4854295405468758e-06, 2.4854295405468758e-06, 3.823737754687502e-06, 3.823737754687502e-06, 5.8826734687500014e-06, 5.8826734687500014e-06, 9.050266875000002e-06, 9.050266875000002e-06, 1.3923487500000002e-05, 1.3923487500000002e-05, 2.1420750000000003e-05, 2.1420750000000003e-05, 3.2955000000000006e-05, 3.2955000000000006e-05, 5.0700000000000006e-05, 5.0700000000000006e-05, 7.800000000000001e-05, 7.800000000000001e-05, 0.00012, 0.00012], 'test_avg': 41.759765625, 'best_test_acc': '[41.759765625, 35.118489583333336, 40.40234375, 36.15234375, 28.80078125]', 'noisy_test_avg': 40.40234375, 'noisy_test_avg05': 36.15234375, 'noisy_test_avg10': 28.80078125}
2024-09-16 06:48:07,776 - rcm_tune.py - {'avg_acc': -1, 'avg_loss': '6.906567301940918', 'avg_closs': 3.453877925491333}
2024-09-16 06:48:21,513 - rcm_tune.py - {'epoch': 3, 'grad_norm': 191.09945323969913, 'param_norm': 515.2393528795741, 'lr': [5.915529425629945e-07, 5.915529425629945e-07, 9.100814500969146e-07, 9.100814500969146e-07, 1.400125307841407e-06, 1.400125307841407e-06, 2.154038935140626e-06, 2.154038935140626e-06, 3.3139060540625016e-06, 3.3139060540625016e-06, 5.098317006250003e-06, 5.098317006250003e-06, 7.843564625000003e-06, 7.843564625000003e-06, 1.2067022500000003e-05, 1.2067022500000003e-05, 1.8564650000000005e-05, 1.8564650000000005e-05, 2.8561000000000007e-05, 2.8561000000000007e-05, 4.394000000000001e-05, 4.394000000000001e-05, 6.76e-05, 6.76e-05, 0.00010400000000000002, 0.00010400000000000002, 0.00016, 0.00016], 'test_avg': 50.328125, 'best_test_acc': '[50.328125, 42.285807291666664, 48.322265625, 43.67578125, 34.859375]', 'noisy_test_avg': 48.322265625, 'noisy_test_avg05': 43.67578125, 'noisy_test_avg10': 34.859375}
2024-09-16 06:51:08,990 - rcm_tune.py - {'avg_acc': -1, 'avg_loss': '6.905814678955078', 'avg_closs': 3.4538778858184815}
2024-09-16 06:51:22,648 - rcm_tune.py - {'epoch': 4, 'grad_norm': 295.9410602896177, 'param_norm': 515.7310040102185, 'lr': [7.39441178203743e-07, 7.39441178203743e-07, 1.1376018126211432e-06, 1.1376018126211432e-06, 1.7501566348017584e-06, 1.7501566348017584e-06, 2.6925486689257824e-06, 2.6925486689257824e-06, 4.1423825675781266e-06, 4.1423825675781266e-06, 6.372896257812503e-06, 6.372896257812503e-06, 9.804455781250003e-06, 9.804455781250003e-06, 1.5083778125000004e-05, 1.5083778125000004e-05, 2.3205812500000005e-05, 2.3205812500000005e-05, 3.5701250000000007e-05, 3.5701250000000007e-05, 5.492500000000001e-05, 5.492500000000001e-05, 8.450000000000001e-05, 8.450000000000001e-05, 0.00013000000000000002, 0.00013000000000000002, 0.0002, 0.0002], 'test_avg': 55.935546875, 'best_test_acc': '[55.935546875, 46.953776041666664, 53.384765625, 48.6328125, 38.84375]', 'noisy_test_avg': 53.384765625, 'noisy_test_avg05': 48.6328125, 'noisy_test_avg10': 38.84375}
2024-09-16 06:54:10,022 - rcm_tune.py - {'avg_acc': -1, 'avg_loss': '6.904855575561523', 'avg_closs': 3.4538777431488037}
2024-09-16 06:54:23,655 - rcm_tune.py - {'epoch': 5, 'grad_norm': 436.04186307381264, 'param_norm': 516.4535538086363, 'lr': [7.393544040488736e-07, 7.393544040488736e-07, 1.137468313921344e-06, 1.137468313921344e-06, 1.7499512521866828e-06, 1.7499512521866828e-06, 2.69223269567182e-06, 2.69223269567182e-06, 4.141896454879723e-06, 4.141896454879723e-06, 6.372148392122651e-06, 6.372148392122651e-06, 9.80330521865023e-06, 9.80330521865023e-06, 1.5082008028692663e-05, 1.5082008028692663e-05, 2.3203089274911788e-05, 2.3203089274911788e-05, 3.569706042294121e-05, 3.569706042294121e-05, 5.491855449683263e-05, 5.491855449683263e-05, 8.449008384128096e-05, 8.449008384128096e-05, 0.00012998474437120149, 0.00012998474437120149, 0.00019997652980184843, 0.00019997652980184843], 'test_avg': 59.77148437499999, 'best_test_acc': '[59.77148437499999, 50.276692708333336, 57.02539062500001, 51.998046875, 41.806640625]', 'noisy_test_avg': 57.02539062500001, 'noisy_test_avg05': 51.998046875, 'noisy_test_avg10': 41.806640625}
2024-09-16 06:57:16,392 - rcm_tune.py - {'avg_acc': -1, 'avg_loss': '6.9037709777832035', 'avg_closs': 3.453877810668945}
2024-09-16 06:57:39,697 - rcm_tune.py - {'epoch': 6, 'grad_norm': 616.4259861435236, 'param_norm': 517.210892996592, 'lr': [7.390941223163975e-07, 7.390941223163975e-07, 1.1370678804867653e-06, 1.1370678804867653e-06, 1.7493352007488696e-06, 1.7493352007488696e-06, 2.6912849242290304e-06, 2.6912849242290304e-06, 4.140438344967739e-06, 4.140438344967739e-06, 6.3699051461042135e-06, 6.3699051461042135e-06, 9.799854070929558e-06, 9.799854070929558e-06, 1.5076698570660859e-05, 1.5076698570660859e-05, 2.3194920877939782e-05, 2.3194920877939782e-05, 3.5684493658368895e-05, 3.5684493658368895e-05, 5.4899221012875214e-05, 5.4899221012875214e-05, 8.446034001980802e-05, 8.446034001980802e-05, 0.0001299389846458585, 0.0001299389846458585, 0.0001999061302243977, 0.0001999061302243977], 'test_avg': 62.291015625, 'best_test_acc': '[62.291015625, 52.8125, 59.62695312500001, 54.8359375, 43.974609375]', 'noisy_test_avg': 59.62695312500001, 'noisy_test_avg05': 54.8359375, 'noisy_test_avg10': 43.974609375}
2024-09-16 07:00:20,023 - rcm_tune.py - {'avg_acc': -1, 'avg_loss': '6.9026821426391605', 'avg_closs': 3.4538779098510743}
2024-09-16 07:00:33,992 - rcm_tune.py - {'epoch': 7, 'grad_norm': 837.329892993365, 'param_norm': 517.9778428374195, 'lr': [7.386604551835915e-07, 7.386604551835915e-07, 1.1364007002824485e-06, 1.1364007002824485e-06, 1.748308769665305e-06, 1.748308769665305e-06, 2.689705799485085e-06, 2.689705799485085e-06, 4.138008922284746e-06, 4.138008922284746e-06, 6.366167572745763e-06, 6.366167572745763e-06, 9.794103958070403e-06, 9.794103958070403e-06, 1.5067852243185235e-05, 1.5067852243185235e-05, 2.31813111433619e-05, 2.31813111433619e-05, 3.5663555605172154e-05, 3.5663555605172154e-05, 5.486700862334177e-05, 5.486700862334177e-05, 8.441078249744888e-05, 8.441078249744888e-05, 0.0001298627423037675, 0.0001298627423037675, 0.00019978883431348845, 0.00019978883431348845], 'test_avg': 64.392578125, 'best_test_acc': '[64.392578125, 54.420572916666664, 61.375, 56.5703125, 45.31640625]', 'noisy_test_avg': 61.375, 'noisy_test_avg05': 56.5703125, 'noisy_test_avg10': 45.31640625}
2024-09-16 07:03:14,395 - rcm_tune.py - {'avg_acc': -1, 'avg_loss': '6.901620336151123', 'avg_closs': 3.4538779296875}
2024-09-16 07:03:28,114 - rcm_tune.py - {'epoch': 8, 'grad_norm': 1097.6918071668244, 'param_norm': 518.7447036029497, 'lr': [7.380536062155262e-07, 7.380536062155262e-07, 1.135467086485425e-06, 1.135467086485425e-06, 1.7468724407468075e-06, 1.7468724407468075e-06, 2.6874960626873965e-06, 2.6874960626873965e-06, 4.134609327211379e-06, 4.134609327211379e-06, 6.360937426479044e-06, 6.360937426479044e-06, 9.786057579198529e-06, 9.786057579198529e-06, 1.5055473198766967e-05, 1.5055473198766967e-05, 2.3162266459641487e-05, 2.3162266459641487e-05, 3.563425609175613e-05, 3.563425609175613e-05, 5.4821932448855585e-05, 5.4821932448855585e-05, 8.434143453670089e-05, 8.434143453670089e-05, 0.000129756053133386, 0.000129756053133386, 0.00019962469712828614, 0.00019962469712828614], 'test_avg': 65.90234375, 'best_test_acc': '[65.90234375, 55.8828125, 63.00390625, 58.287109375, 46.357421875]', 'noisy_test_avg': 63.00390625, 'noisy_test_avg05': 58.287109375, 'noisy_test_avg10': 46.357421875}
2024-09-16 07:06:15,536 - rcm_tune.py - {'avg_acc': -1, 'avg_loss': '6.900554246520996', 'avg_closs': 3.4538779861450197}
2024-09-16 07:06:28,732 - rcm_tune.py - {'epoch': 9, 'grad_norm': 1397.341257385442, 'param_norm': 519.5098178872113, 'lr': [7.372738602695124e-07, 7.372738602695124e-07, 1.1342674773377116e-06, 1.1342674773377116e-06, 1.7450268882118636e-06, 1.7450268882118636e-06, 2.684656751095175e-06, 2.684656751095175e-06, 4.130241155531038e-06, 4.130241155531038e-06, 6.354217162355443e-06, 6.354217162355443e-06, 9.775718711316066e-06, 9.775718711316066e-06, 1.5039567248178562e-05, 1.5039567248178562e-05, 2.3137795766428557e-05, 2.3137795766428557e-05, 3.5596608871428546e-05, 3.5596608871428546e-05, 5.476401364835161e-05, 5.476401364835161e-05, 8.42523286897717e-05, 8.42523286897717e-05, 0.0001296189672150334, 0.0001296189672150334, 0.00019941379571543596, 0.00019941379571543596], 'test_avg': 67.1328125, 'best_test_acc': '[67.1328125, 56.992838541666664, 64.068359375, 59.298828125, 47.611328125]', 'noisy_test_avg': 64.068359375, 'noisy_test_avg05': 59.298828125, 'noisy_test_avg10': 47.611328125}
2024-09-16 07:09:02,912 - rcm_tune.py - {'avg_acc': -1, 'avg_loss': '6.899485356903076', 'avg_closs': 3.4538781955718996}
2024-09-16 07:09:15,913 - rcm_tune.py - {'epoch': 10, 'grad_norm': 1736.4194990961107, 'param_norm': 520.2801013802028, 'lr': [7.363215833613872e-07, 7.363215833613872e-07, 1.1328024359405958e-06, 1.1328024359405958e-06, 1.7427729783701471e-06, 1.7427729783701471e-06, 2.6811891974925343e-06, 2.6811891974925343e-06, 4.1249064576808215e-06, 4.1249064576808215e-06, 6.346009934893572e-06, 6.346009934893572e-06, 9.763092207528572e-06, 9.763092207528572e-06, 1.5020141857736263e-05, 1.5020141857736263e-05, 2.310791055036348e-05, 2.310791055036348e-05, 3.5550631615943816e-05, 3.5550631615943816e-05, 5.4693279409144326e-05, 5.4693279409144326e-05, 8.414350678329897e-05, 8.414350678329897e-05, 0.00012945154889738302, 0.00012945154889738302, 0.00019915622907289694, 0.00019915622907289694], 'test_avg': 68.169921875, 'best_test_acc': '[68.169921875, 57.827473958333336, 65.015625, 60.27734375, 48.189453125]', 'noisy_test_avg': 65.015625, 'noisy_test_avg05': 60.27734375, 'noisy_test_avg10': 48.189453125}
2024-09-16 07:11:56,895 - rcm_tune.py - {'avg_acc': -1, 'avg_loss': '6.898440885162353', 'avg_closs': 3.4538783851623536}
2024-09-16 07:12:10,294 - rcm_tune.py - {'epoch': 11, 'grad_norm': 2113.780399983448, 'param_norm': 521.058172916123, 'lr': [7.351972224937054e-07, 7.351972224937054e-07, 1.131072649990316e-06, 1.131072649990316e-06, 1.7401117692158705e-06, 1.7401117692158705e-06, 2.6770950295628778e-06, 2.6770950295628778e-06, 4.118607737789043e-06, 4.118607737789043e-06, 6.336319596598527e-06, 6.336319596598527e-06, 9.748183994766963e-06, 9.748183994766963e-06, 1.4997206145795328e-05, 1.4997206145795328e-05, 2.307262483968512e-05, 2.307262483968512e-05, 3.549634590720787e-05, 3.549634590720787e-05, 5.4609762934165956e-05, 5.4609762934165956e-05, 8.401501989871686e-05, 8.401501989871686e-05, 0.00012925387676725671, 0.00012925387676725671, 0.00019885211810347184, 0.00019885211810347184], 'test_avg': 69.0078125, 'best_test_acc': '[69.0078125, 58.727213541666664, 65.724609375, 61.23632812499999, 49.220703125]', 'noisy_test_avg': 65.724609375, 'noisy_test_avg05': 61.23632812499999, 'noisy_test_avg10': 49.220703125}
2024-09-16 07:14:44,213 - rcm_tune.py - {'avg_acc': -1, 'avg_loss': '6.897365322875976', 'avg_closs': 3.4538784885406493}
2024-09-16 07:14:57,448 - rcm_tune.py - {'epoch': 12, 'grad_norm': 2530.6467979503504, 'param_norm': 521.8465276929066, 'lr': [7.339013054459137e-07, 7.339013054459137e-07, 1.1290789314552519e-06, 1.1290789314552519e-06, 1.7370445099311565e-06, 1.7370445099311565e-06, 2.6723761691248563e-06, 2.6723761691248563e-06, 4.1113479524997785e-06, 4.1113479524997785e-06, 6.325150696153506e-06, 6.325150696153506e-06, 9.731001071005393e-06, 9.731001071005393e-06, 1.4970770878469835e-05, 1.4970770878469835e-05, 2.3031955197645898e-05, 2.3031955197645898e-05, 3.5433777227147534e-05, 3.5433777227147534e-05, 5.451350342638082e-05, 5.451350342638082e-05, 8.386692834827819e-05, 8.386692834827819e-05, 0.00012902604361273568, 0.00012902604361273568, 0.00019850160555805486, 0.00019850160555805486], 'test_avg': 69.58203125, 'best_test_acc': '[69.58203125, 59.354166666666664, 66.51171875, 61.94335937499999, 49.607421875]', 'noisy_test_avg': 66.51171875, 'noisy_test_avg05': 61.94335937499999, 'noisy_test_avg10': 49.607421875}
2024-09-16 07:17:31,455 - rcm_tune.py - {'avg_acc': -1, 'avg_loss': '6.896324724578857', 'avg_closs': 3.453878644180298}
2024-09-16 07:17:44,679 - rcm_tune.py - {'epoch': 13, 'grad_norm': 2985.507949033567, 'param_norm': 522.6425543043929, 'lr': [7.324344405266104e-07, 7.324344405266104e-07, 1.1268222161947853e-06, 1.1268222161947853e-06, 1.7335726402996693e-06, 1.7335726402996693e-06, 2.6670348312302607e-06, 2.6670348312302607e-06, 4.103130509585016e-06, 4.103130509585016e-06, 6.31250847628464e-06, 6.31250847628464e-06, 9.71155150197637e-06, 9.71155150197637e-06, 1.4940848464579029e-05, 1.4940848464579029e-05, 2.2985920714736966e-05, 2.2985920714736966e-05, 3.5362954945749177e-05, 3.5362954945749177e-05, 5.4404546070383345e-05, 5.4404546070383345e-05, 8.369930164674361e-05, 8.369930164674361e-05, 0.00012876815637960555, 0.00012876815637960555, 0.00019810485596862392, 0.00019810485596862392], 'test_avg': 70.16796875, 'best_test_acc': '[70.16796875, 59.807291666666664, 67.154296875, 62.572265625, 49.6953125]', 'noisy_test_avg': 67.154296875, 'noisy_test_avg05': 62.572265625, 'noisy_test_avg10': 49.6953125}
2024-09-16 07:20:18,643 - rcm_tune.py - {'avg_acc': -1, 'avg_loss': '6.8952475372314455', 'avg_closs': 3.453878783798218}
2024-09-16 07:20:32,216 - rcm_tune.py - {'epoch': 14, 'grad_norm': 3479.548872156804, 'param_norm': 523.4536943651244, 'lr': [7.307973162880019e-07, 7.307973162880019e-07, 1.124303563520003e-06, 1.124303563520003e-06, 1.7296977900307735e-06, 1.7296977900307735e-06, 2.661073523124267e-06, 2.661073523124267e-06, 4.093959266345026e-06, 4.093959266345026e-06, 6.298398871300041e-06, 6.298398871300041e-06, 9.689844417384677e-06, 9.689844417384677e-06, 1.4907452949822579e-05, 1.4907452949822579e-05, 2.293454299972704e-05, 2.293454299972704e-05, 3.528391230727237e-05, 3.528391230727237e-05, 5.4282942011188265e-05, 5.4282942011188265e-05, 8.351221847875117e-05, 8.351221847875117e-05, 0.00012848033612115564, 0.00012848033612115564, 0.00019766205557100868, 0.00019766205557100868], 'test_avg': 70.7421875, 'best_test_acc': '[70.7421875, 60.286458333333336, 67.498046875, 63.162109375, 50.19921875]', 'noisy_test_avg': 67.498046875, 'noisy_test_avg05': 63.162109375, 'noisy_test_avg10': 50.19921875}
2024-09-16 07:23:06,249 - rcm_tune.py - {'avg_acc': -1, 'avg_loss': '6.894186388397217', 'avg_closs': 3.453878935623169}
2024-09-16 07:23:19,897 - rcm_tune.py - {'epoch': 15, 'grad_norm': 4012.129422212623, 'param_norm': 524.2752422489908, 'lr': [7.289907012026937e-07, 7.289907012026937e-07, 1.1215241556964517e-06, 1.1215241556964517e-06, 1.725421777994541e-06, 1.725421777994541e-06, 2.6544950430685246e-06, 2.6544950430685246e-06, 4.08383852779773e-06, 4.08383852779773e-06, 6.2828285043042e-06, 6.2828285043042e-06, 9.665890006621845e-06, 9.665890006621845e-06, 1.4870600010187455e-05, 1.4870600010187455e-05, 2.287784616951916e-05, 2.287784616951916e-05, 3.519668641464486e-05, 3.519668641464486e-05, 5.414874833022286e-05, 5.414874833022286e-05, 8.330576666188132e-05, 8.330576666188132e-05, 0.00012816271794135589, 0.00012816271794135589, 0.00019717341221747056, 0.00019717341221747056], 'test_avg': 71.3046875, 'best_test_acc': '[71.3046875, 60.845703125, 68.08984375, 63.67968750000001, 50.767578125]', 'noisy_test_avg': 68.08984375, 'noisy_test_avg05': 63.67968750000001, 'noisy_test_avg10': 50.767578125}
2024-09-16 07:25:54,010 - rcm_tune.py - {'avg_acc': -1, 'avg_loss': '6.893145370483398', 'avg_closs': 3.45387915725708}
2024-09-16 07:26:07,776 - rcm_tune.py - {'epoch': 16, 'grad_norm': 4582.645830473404, 'param_norm': 525.1110787215231, 'lr': [7.270154433029664e-07, 7.270154433029664e-07, 1.1184852973891791e-06, 1.1184852973891791e-06, 1.7207466113679675e-06, 1.7207466113679675e-06, 2.6473024790276427e-06, 2.6473024790276427e-06, 4.072773044657912e-06, 4.072773044657912e-06, 6.265804684089095e-06, 6.265804684089095e-06, 9.639699513983222e-06, 9.639699513983222e-06, 1.4830306944589571e-05, 1.4830306944589571e-05, 2.281585683783011e-05, 2.281585683783011e-05, 3.510131821204632e-05, 3.510131821204632e-05, 5.4002028018532795e-05, 5.4002028018532795e-05, 8.308004310543507e-05, 8.308004310543507e-05, 0.00012781545093143857, 0.00012781545093143857, 0.00019663915527913625, 0.00019663915527913625], 'test_avg': 71.740234375, 'best_test_acc': '[71.740234375, 61.256510416666664, 68.623046875, 64.26171875, 50.88476562499999]', 'noisy_test_avg': 68.623046875, 'noisy_test_avg05': 64.26171875, 'noisy_test_avg10': 50.88476562499999}
2024-09-16 07:28:41,907 - rcm_tune.py - {'avg_acc': -1, 'avg_loss': '6.8920423027038575', 'avg_closs': 3.4538794399261477}
2024-09-16 07:28:55,178 - rcm_tune.py - {'epoch': 17, 'grad_norm': 5193.113206806539, 'param_norm': 525.9595582884045, 'lr': [7.248724697827063e-07, 7.248724697827063e-07, 1.1151884150503175e-06, 1.1151884150503175e-06, 1.7156744846927958e-06, 1.7156744846927958e-06, 2.639499207219686e-06, 2.639499207219686e-06, 4.060768011107209e-06, 4.060768011107209e-06, 6.2473354017033985e-06, 6.2473354017033985e-06, 9.611285233389843e-06, 9.611285233389843e-06, 1.4786592666753604e-05, 1.4786592666753604e-05, 2.274860410269785e-05, 2.274860410269785e-05, 3.4997852465689005e-05, 3.4997852465689005e-05, 5.3842849947213844e-05, 5.3842849947213844e-05, 8.283515376494437e-05, 8.283515376494437e-05, 0.00012743869809991442, 0.00012743869809991442, 0.00019605953553832988, 0.00019605953553832988], 'test_avg': 71.958984375, 'best_test_acc': '[71.958984375, 61.327473958333336, 68.69140625, 64.359375, 50.931640625]', 'noisy_test_avg': 68.69140625, 'noisy_test_avg05': 64.359375, 'noisy_test_avg10': 50.931640625}
2024-09-16 07:31:29,354 - rcm_tune.py - {'avg_acc': -1, 'avg_loss': '6.89099058303833', 'avg_closs': 3.4538797561645507}
2024-09-16 07:31:43,244 - rcm_tune.py - {'epoch': 18, 'grad_norm': 5841.5098307285325, 'param_norm': 526.8184204688122, 'lr': [7.225627865621765e-07, 7.225627865621765e-07, 1.1116350562495024e-06, 1.1116350562495024e-06, 1.710207778845388e-06, 1.710207778845388e-06, 2.6310888905313665e-06, 2.6310888905313665e-06, 4.047829062355948e-06, 4.047829062355948e-06, 6.227429326701458e-06, 6.227429326701458e-06, 9.580660502617628e-06, 9.580660502617628e-06, 1.473947769633481e-05, 1.473947769633481e-05, 2.2676119532822786e-05, 2.2676119532822786e-05, 3.488633774280428e-05, 3.488633774280428e-05, 5.367128883508351e-05, 5.367128883508351e-05, 8.257121359243617e-05, 8.257121359243617e-05, 0.00012703263629605565, 0.00012703263629605565, 0.00019543482507085482, 0.00019543482507085482], 'test_avg': 72.328125, 'best_test_acc': '[72.328125, 61.76171875, 69.00390625, 65.001953125, 51.279296875]', 'noisy_test_avg': 69.00390625, 'noisy_test_avg05': 65.001953125, 'noisy_test_avg10': 51.279296875}
2024-09-16 07:34:17,300 - rcm_tune.py - {'avg_acc': -1, 'avg_loss': '6.8899021812438965', 'avg_closs': 3.4538800411224364}
2024-09-16 07:34:30,536 - rcm_tune.py - {'epoch': 19, 'grad_norm': 6529.285881259354, 'param_norm': 527.690894851033, 'lr': [7.20087477815834e-07, 7.20087477815834e-07, 1.1078268889474368e-06, 1.1078268889474368e-06, 1.7043490599191334e-06, 1.7043490599191334e-06, 2.6220754767986668e-06, 2.6220754767986668e-06, 4.033962271997949e-06, 4.033962271997949e-06, 6.206095803073768e-06, 6.206095803073768e-06, 9.547839697036565e-06, 9.547839697036565e-06, 1.4688984149287022e-05, 1.4688984149287022e-05, 2.2598437152749265e-05, 2.2598437152749265e-05, 3.476682638884502e-05, 3.476682638884502e-05, 5.348742521360772e-05, 5.348742521360772e-05, 8.22883464824734e-05, 8.22883464824734e-05, 0.00012659745612688216, 0.00012659745612688216, 0.00019476531711828027, 0.00019476531711828027], 'test_avg': 72.677734375, 'best_test_acc': '[72.677734375, 62.069010416666664, 69.16015625, 65.3828125, 51.6640625]', 'noisy_test_avg': 69.16015625, 'noisy_test_avg05': 65.3828125, 'noisy_test_avg10': 51.6640625}
2024-09-16 07:37:04,664 - rcm_tune.py - {'avg_acc': -1, 'avg_loss': '6.888867340087891', 'avg_closs': 3.453880295944214}
2024-09-16 07:37:17,396 - rcm_tune.py - {'epoch': 20, 'grad_norm': 7254.460407086607, 'param_norm': 528.571125510733, 'lr': [7.174477054634139e-07, 7.174477054634139e-07, 1.1037657007129445e-06, 1.1037657007129445e-06, 1.6981010780199144e-06, 1.6981010780199144e-06, 2.6124631969537145e-06, 2.6124631969537145e-06, 4.01917414915956e-06, 4.01917414915956e-06, 6.183344844860863e-06, 6.183344844860863e-06, 9.512838222862865e-06, 9.512838222862865e-06, 1.463513572748133e-05, 1.463513572748133e-05, 2.2515593426894352e-05, 2.2515593426894352e-05, 3.463937450291439e-05, 3.463937450291439e-05, 5.329134538909906e-05, 5.329134538909906e-05, 8.198668521399855e-05, 8.198668521399855e-05, 0.00012613336186769006, 0.00012613336186769006, 0.0001940513259502924, 0.0001940513259502924], 'test_avg': 72.79296875, 'best_test_acc': '[72.79296875, 62.185546875, 69.720703125, 65.51953125, 51.6640625]', 'noisy_test_avg': 69.720703125, 'noisy_test_avg05': 65.51953125, 'noisy_test_avg10': 51.31640625}
2024-09-16 07:39:51,621 - rcm_tune.py - {'avg_acc': -1, 'avg_loss': '6.887751072692871', 'avg_closs': 3.4538805038452147}
2024-09-16 07:40:04,492 - rcm_tune.py - {'epoch': 21, 'grad_norm': 8020.134462305766, 'param_norm': 529.4648747122247, 'lr': [7.146447086245201e-07, 7.146447086245201e-07, 1.0994533978838772e-06, 1.0994533978838772e-06, 1.6914667659751954e-06, 1.6914667659751954e-06, 2.6022565630387625e-06, 2.6022565630387625e-06, 4.00347163544425e-06, 4.00347163544425e-06, 6.159187131452692e-06, 6.159187131452692e-06, 9.475672509927217e-06, 9.475672509927217e-06, 1.4577957707580334e-05, 1.4577957707580334e-05, 2.242762724243128e-05, 2.242762724243128e-05, 3.450404191143274e-05, 3.450404191143274e-05, 5.3083141402204215e-05, 5.3083141402204215e-05, 8.166637138800648e-05, 8.166637138800648e-05, 0.00012564057136616382, 0.00012564057136616382, 0.0001932931867171751, 0.0001932931867171751], 'test_avg': 73.158203125, 'best_test_acc': '[73.158203125, 62.490234375, 69.88671875, 65.931640625, 51.6640625]', 'noisy_test_avg': 69.88671875, 'noisy_test_avg05': 65.931640625, 'noisy_test_avg10': 51.65234374999999}
2024-09-16 07:42:38,625 - rcm_tune.py - {'avg_acc': -1, 'avg_loss': '6.886690415191651', 'avg_closs': 3.4538807567596437}
2024-09-16 07:42:51,751 - rcm_tune.py - {'epoch': 22, 'grad_norm': 8824.038035424588, 'param_norm': 530.3643801304517, 'lr': [7.116798030369773e-07, 7.116798030369773e-07, 1.094892004672273e-06, 1.094892004672273e-06, 1.6844492379573426e-06, 1.6844492379573426e-06, 2.59146036608822e-06, 2.59146036608822e-06, 3.9868621016741835e-06, 3.9868621016741835e-06, 6.133634002575668e-06, 6.133634002575668e-06, 9.436360003962565e-06, 9.436360003962565e-06, 1.4517476929173177e-05, 1.4517476929173177e-05, 2.2334579891035655e-05, 2.2334579891035655e-05, 3.4360892140054855e-05, 3.4360892140054855e-05, 5.286291098469977e-05, 5.286291098469977e-05, 8.132755536107656e-05, 8.132755536107656e-05, 0.0001251193159401178, 0.0001251193159401178, 0.0001924912552924889, 0.0001924912552924889], 'test_avg': 73.2578125, 'best_test_acc': '[73.2578125, 62.834635416666664, 70.2109375, 66.265625, 52.02734375]', 'noisy_test_avg': 70.2109375, 'noisy_test_avg05': 66.265625, 'noisy_test_avg10': 52.02734375}
2024-09-16 07:45:25,845 - rcm_tune.py - {'avg_acc': -1, 'avg_loss': '6.885632181549072', 'avg_closs': 3.4538810474395754}
2024-09-16 07:45:39,198 - rcm_tune.py - {'epoch': 23, 'grad_norm': 9666.247782736527, 'param_norm': 531.2734866794164, 'lr': [7.085543804392181e-07, 7.085543804392181e-07, 1.0900836622141818e-06, 1.0900836622141818e-06, 1.6770517880218177e-06, 1.6770517880218177e-06, 2.58007967387972e-06, 2.58007967387972e-06, 3.969353344430338e-06, 3.969353344430338e-06, 6.106697452969751e-06, 6.106697452969751e-06, 9.394919158415001e-06, 9.394919158415001e-06, 1.4453721782176923e-05, 1.4453721782176923e-05, 2.2236495049502956e-05, 2.2236495049502956e-05, 3.4209992383850704e-05, 3.4209992383850704e-05, 5.2630757513616466e-05, 5.2630757513616466e-05, 8.097039617479455e-05, 8.097039617479455e-05, 0.00012456984026891472, 0.00012456984026891472, 0.00019164590810602262, 0.00019164590810602262], 'test_avg': 73.544921875, 'best_test_acc': '[73.544921875, 62.964192708333336, 70.6015625, 66.30859375, 52.02734375]', 'noisy_test_avg': 70.6015625, 'noisy_test_avg05': 66.30859375, 'noisy_test_avg10': 51.98242187499999}
2024-09-16 07:48:13,156 - rcm_tune.py - {'avg_acc': -1, 'avg_loss': '6.884705514526368', 'avg_closs': 3.4538813083648683}
2024-09-16 07:48:26,430 - rcm_tune.py - {'epoch': 24, 'grad_norm': 10542.28959493502, 'param_norm': 532.1858812665894, 'lr': [7.05269907916996e-07, 7.05269907916996e-07, 1.0850306275646093e-06, 1.0850306275646093e-06, 1.669277888560937e-06, 1.669277888560937e-06, 2.568119828555288e-06, 2.568119828555288e-06, 3.950953582392751e-06, 3.950953582392751e-06, 6.0783901267580785e-06, 6.0783901267580785e-06, 9.351369425781658e-06, 9.351369425781658e-06, 1.4386722193510243e-05, 1.4386722193510243e-05, 2.2133418759246527e-05, 2.2133418759246527e-05, 3.4051413475763884e-05, 3.4051413475763884e-05, 5.238678996271367e-05, 5.238678996271367e-05, 8.059506148109795e-05, 8.059506148109795e-05, 0.00012399240227861224, 0.00012399240227861224, 0.00019075754196709572, 0.00019075754196709572], 'test_avg': 73.744140625, 'best_test_acc': '[73.744140625, 63.086588541666664, 70.6015625, 66.642578125, 52.28125]', 'noisy_test_avg': 70.3359375, 'noisy_test_avg05': 66.642578125, 'noisy_test_avg10': 52.28125}
2024-09-16 07:51:00,480 - rcm_tune.py - {'avg_acc': -1, 'avg_loss': '6.883598806762695', 'avg_closs': 3.453881506729126}
2024-09-16 07:51:12,620 - rcm_tune.py - {'epoch': 25, 'grad_norm': 11458.228877320209, 'param_norm': 533.1153908392135, 'lr': [7.018279272147296e-07, 7.018279272147296e-07, 1.0797352726380456e-06, 1.0797352726380456e-06, 1.6611311886739158e-06, 1.6611311886739158e-06, 2.5555864441137172e-06, 2.5555864441137172e-06, 3.931671452482641e-06, 3.931671452482641e-06, 6.048725311511756e-06, 6.048725311511756e-06, 9.305731248479623e-06, 9.305731248479623e-06, 1.4316509613045575e-05, 1.4316509613045575e-05, 2.20253994046855e-05, 2.20253994046855e-05, 3.388522985336231e-05, 3.388522985336231e-05, 5.213112285132662e-05, 5.213112285132662e-05, 8.02017274635794e-05, 8.02017274635794e-05, 0.0001233872730208914, 0.0001233872730208914, 0.00018982657387829445, 0.00018982657387829445], 'test_avg': 73.703125, 'best_test_acc': '[73.744140625, 63.095052083333336, 70.6015625, 66.74609375, 52.28125]', 'noisy_test_avg': 70.42578125, 'noisy_test_avg05': 66.74609375, 'noisy_test_avg10': 52.11328125}
2024-09-16 07:53:46,580 - rcm_tune.py - {'avg_acc': -1, 'avg_loss': '6.882468365478515', 'avg_closs': 3.453881721496582}
2024-09-16 07:53:59,781 - rcm_tune.py - {'epoch': 26, 'grad_norm': 12414.864455347803, 'param_norm': 534.0540240089523, 'lr': [6.982300540118009e-07, 6.982300540118009e-07, 1.0742000830950784e-06, 1.0742000830950784e-06, 1.6526155124539665e-06, 1.6526155124539665e-06, 2.542485403775333e-06, 2.542485403775333e-06, 3.911516005808205e-06, 3.911516005808205e-06, 6.017716932012623e-06, 6.017716932012623e-06, 9.258026049250188e-06, 9.258026049250188e-06, 1.4243116998846444e-05, 1.4243116998846444e-05, 2.1912487690532987e-05, 2.1912487690532987e-05, 3.37115195238969e-05, 3.37115195238969e-05, 5.186387619061062e-05, 5.186387619061062e-05, 7.979057875478556e-05, 7.979057875478556e-05, 0.00012275473654582394, 0.00012275473654582394, 0.00018885344083972914, 0.00018885344083972914], 'test_avg': 74.037109375, 'best_test_acc': '[74.037109375, 63.299479166666664, 70.6015625, 66.828125, 52.5546875]', 'noisy_test_avg': 70.515625, 'noisy_test_avg05': 66.828125, 'noisy_test_avg10': 52.5546875}
2024-09-16 07:56:33,758 - rcm_tune.py - {'avg_acc': -1, 'avg_loss': '6.881464670562744', 'avg_closs': 3.453881970977783}
2024-09-16 07:56:45,734 - rcm_tune.py - {'epoch': 27, 'grad_norm': 13407.726613973497, 'param_norm': 535.0004160835105, 'lr': [6.944779771641501e-07, 6.944779771641501e-07, 1.0684276571756156e-06, 1.0684276571756156e-06, 1.6437348571932545e-06, 1.6437348571932545e-06, 2.528822857220392e-06, 2.528822857220392e-06, 3.890496703415987e-06, 3.890496703415987e-06, 5.985379543716904e-06, 5.985379543716904e-06, 9.208276221102929e-06, 9.208276221102929e-06, 1.416657880169681e-05, 1.416657880169681e-05, 2.1794736617995094e-05, 2.1794736617995094e-05, 3.353036402768476e-05, 3.353036402768476e-05, 5.1585175427207315e-05, 5.1585175427207315e-05, 7.936180834954972e-05, 7.936180834954972e-05, 0.00012209508976853802, 0.00012209508976853802, 0.00018783859964390464, 0.00018783859964390464], 'test_avg': 74.01953125, 'best_test_acc': '[74.037109375, 63.299479166666664, 70.681640625, 66.9296875, 52.5546875]', 'noisy_test_avg': 70.681640625, 'noisy_test_avg05': 66.9296875, 'noisy_test_avg10': 52.19921875}
2024-09-16 07:59:19,769 - rcm_tune.py - {'avg_acc': -1, 'avg_loss': '6.880295867156982', 'avg_closs': 3.4538822788238526}
2024-09-16 07:59:32,675 - rcm_tune.py - {'epoch': 28, 'grad_norm': 14442.871976879016, 'param_norm': 535.9612772006897, 'lr': [6.90573457911519e-07, 6.90573457911519e-07, 1.06242070447926e-06, 1.06242070447926e-06, 1.6344933915065537e-06, 1.6344933915065537e-06, 2.514605217702391e-06, 2.514605217702391e-06, 3.8686234118498316e-06, 3.8686234118498316e-06, 5.951728325922818e-06, 5.951728325922818e-06, 9.156505116804334e-06, 9.156505116804334e-06, 1.4086930948929745e-05, 1.4086930948929745e-05, 2.1672201459891912e-05, 2.1672201459891912e-05, 3.3341848399833715e-05, 3.3341848399833715e-05, 5.129515138435955e-05, 5.129515138435955e-05, 7.891561751439931e-05, 7.891561751439931e-05, 0.0001214086423298451, 0.0001214086423298451, 0.00018678252666130013, 0.00018678252666130013], 'test_avg': 74.130859375, 'best_test_acc': '[74.130859375, 63.386067708333336, 70.681640625, 67.01953125, 52.5546875]', 'noisy_test_avg': 70.65234375, 'noisy_test_avg05': 67.01953125, 'noisy_test_avg10': 52.486328125}
2024-09-16 08:02:06,638 - rcm_tune.py - {'avg_acc': -1, 'avg_loss': '6.879381223297119', 'avg_closs': 3.453882640457153}
2024-09-16 08:02:20,012 - rcm_tune.py - {'epoch': 29, 'grad_norm': 15511.391384821596, 'param_norm': 536.9252217660862, 'lr': [6.865183290507186e-07, 6.865183290507186e-07, 1.0561820446934134e-06, 1.0561820446934134e-06, 1.624895453374482e-06, 1.624895453374482e-06, 2.4998391590376646e-06, 2.4998391590376646e-06, 3.845906398519484e-06, 3.845906398519484e-06, 5.91677907464536e-06, 5.91677907464536e-06, 9.102737037915937e-06, 9.102737037915937e-06, 1.400421082756298e-05, 1.400421082756298e-05, 2.1544939734712276e-05, 2.1544939734712276e-05, 3.314606113032658e-05, 3.314606113032658e-05, 5.0993940200502425e-05, 5.0993940200502425e-05, 7.845221569308065e-05, 7.845221569308065e-05, 0.0001206957164508933, 0.0001206957164508933, 0.00018568571761675893, 0.00018568571761675893], 'test_avg': 74.234375, 'best_test_acc': '[74.234375, 63.514973958333336, 70.73828125, 67.3046875, 52.5546875]', 'noisy_test_avg': 70.73828125, 'noisy_test_avg05': 67.3046875, 'noisy_test_avg10': 52.501953125}
2024-09-16 08:04:53,967 - rcm_tune.py - {'avg_acc': -1, 'avg_loss': '6.878212104797363', 'avg_closs': 3.4538829360961913}
2024-09-16 08:05:07,672 - rcm_tune.py - {'epoch': 30, 'grad_norm': 16621.932277697553, 'param_norm': 537.9021507520002, 'lr': [6.823144940753068e-07, 6.823144940753068e-07, 1.0497146062697028e-06, 1.0497146062697028e-06, 1.6149455481072348e-06, 1.6149455481072348e-06, 2.4845316124726694e-06, 2.4845316124726694e-06, 3.822356326881029e-06, 3.822356326881029e-06, 5.880548195201584e-06, 5.880548195201584e-06, 9.04699722338705e-06, 9.04699722338705e-06, 1.3918457266749308e-05, 1.3918457266749308e-05, 2.141301117961432e-05, 2.141301117961432e-05, 3.294309412248357e-05, 3.294309412248357e-05, 5.068168326535933e-05, 5.068168326535933e-05, 7.797182040824513e-05, 7.797182040824513e-05, 0.00011995664678191557, 0.00011995664678191557, 0.00018454868735679318, 0.00018454868735679318], 'test_avg': 74.595703125, 'best_test_acc': '[74.595703125, 63.521484375, 70.921875, 67.533203125, 52.5546875]', 'noisy_test_avg': 70.921875, 'noisy_test_avg05': 67.533203125, 'noisy_test_avg10': 52.109375}
2024-09-16 08:07:41,660 - rcm_tune.py - {'avg_acc': -1, 'avg_loss': '6.877214002227783', 'avg_closs': 3.4538833263397217}
2024-09-16 08:07:53,925 - rcm_tune.py - {'epoch': 31, 'grad_norm': 17768.611854904706, 'param_norm': 538.8873925918865, 'lr': [6.779639262820808e-07, 6.779639262820808e-07, 1.043021425049355e-06, 1.043021425049355e-06, 1.6046483462297768e-06, 1.6046483462297768e-06, 2.468689763430426e-06, 2.468689763430426e-06, 3.797984251431425e-06, 3.797984251431425e-06, 5.843052694509884e-06, 5.843052694509884e-06, 8.989311837707513e-06, 8.989311837707513e-06, 1.382971051955002e-05, 1.382971051955002e-05, 2.1276477722384645e-05, 2.1276477722384645e-05, 3.273304264982253e-05, 3.273304264982253e-05, 5.035852715357312e-05, 5.035852715357312e-05, 7.747465715934326e-05, 7.747465715934326e-05, 0.00011919178024514348, 0.00011919178024514348, 0.00018337196960791302, 0.00018337196960791302], 'test_avg': 74.5234375, 'best_test_acc': '[74.595703125, 63.690104166666664, 70.921875, 67.533203125, 52.7578125]', 'noisy_test_avg': 70.876953125, 'noisy_test_avg05': 67.435546875, 'noisy_test_avg10': 52.7578125}
2024-09-16 08:10:27,972 - rcm_tune.py - {'avg_acc': -1, 'avg_loss': '6.876206950378418', 'avg_closs': 3.4538836910247803}
2024-09-16 08:10:40,851 - rcm_tune.py - {'epoch': 32, 'grad_norm': 18951.67230192619, 'param_norm': 539.875743340284, 'lr': [6.734686678448043e-07, 6.734686678448043e-07, 1.0361056428381605e-06, 1.0361056428381605e-06, 1.5940086812894775e-06, 1.5940086812894775e-06, 2.452321048137658e-06, 2.452321048137658e-06, 3.7728016125194735e-06, 3.7728016125194735e-06, 5.804310173106882e-06, 5.804310173106882e-06, 8.929707958625971e-06, 8.929707958625971e-06, 1.3738012244039956e-05, 1.3738012244039956e-05, 2.1135403452369163e-05, 2.1135403452369163e-05, 3.251600531133717e-05, 3.251600531133717e-05, 5.002462355590334e-05, 5.002462355590334e-05, 7.696095931677437e-05, 7.696095931677437e-05, 0.00011840147587196056, 0.00011840147587196056, 0.00018215611672609317, 0.00018215611672609317], 'test_avg': 74.583984375, 'best_test_acc': '[74.595703125, 63.803385416666664, 70.921875, 67.705078125, 52.83789062499999]', 'noisy_test_avg': 70.8671875, 'noisy_test_avg05': 67.705078125, 'noisy_test_avg10': 52.83789062499999}
2024-09-16 08:13:14,961 - rcm_tune.py - {'avg_acc': -1, 'avg_loss': '6.875187754058838', 'avg_closs': 3.453883961486816}
2024-09-16 08:13:28,050 - rcm_tune.py - {'epoch': 33, 'grad_norm': 20171.681975831947, 'param_norm': 540.8720320817646, 'lr': [6.688308288556026e-07, 6.688308288556026e-07, 1.0289705059316963e-06, 1.0289705059316963e-06, 1.5830315475872248e-06, 1.5830315475872248e-06, 2.4354331501341922e-06, 2.4354331501341922e-06, 3.74682023097568e-06, 3.74682023097568e-06, 5.764338816885662e-06, 5.764338816885662e-06, 8.86821356443948e-06, 8.86821356443948e-06, 1.3643405483753043e-05, 1.3643405483753043e-05, 2.0989854590389297e-05, 2.0989854590389297e-05, 3.22920839852143e-05, 3.22920839852143e-05, 4.9680129208022e-05, 4.9680129208022e-05, 7.643096801234153e-05, 7.643096801234153e-05, 0.0001175861046343716, 0.0001175861046343716, 0.00018090169943749476, 0.00018090169943749476], 'test_avg': 74.609375, 'best_test_acc': '[74.609375, 63.803385416666664, 71.048828125, 67.732421875, 52.83789062499999]', 'noisy_test_avg': 71.048828125, 'noisy_test_avg05': 67.732421875, 'noisy_test_avg10': 52.53124999999999}
2024-09-16 08:16:02,421 - rcm_tune.py - {'avg_acc': -1, 'avg_loss': '6.874158973693848', 'avg_closs': 3.45388424949646}
2024-09-16 08:16:14,622 - rcm_tune.py - {'epoch': 34, 'grad_norm': 21429.31079656457, 'param_norm': 541.8752653138722, 'lr': [6.64052586334477e-07, 6.64052586334477e-07, 1.0216193635915031e-06, 1.0216193635915031e-06, 1.5717220978330816e-06, 1.5717220978330816e-06, 2.4180339966662796e-06, 2.4180339966662796e-06, 3.7200523025635066e-06, 3.7200523025635066e-06, 5.723157388559241e-06, 5.723157388559241e-06, 8.80485752086037e-06, 8.80485752086037e-06, 1.3545934647477492e-05, 1.3545934647477492e-05, 2.083989945765768e-05, 2.083989945765768e-05, 3.2061383781011816e-05, 3.2061383781011816e-05, 4.932520581694125e-05, 4.932520581694125e-05, 7.588493202606346e-05, 7.588493202606346e-05, 0.00011674604927086686, 0.00011674604927086686, 0.00017960930657056438, 0.00017960930657056438], 'test_avg': 74.638671875, 'best_test_acc': '[74.638671875, 63.803385416666664, 71.166015625, 67.732421875, 52.83789062499999]', 'noisy_test_avg': 71.166015625, 'noisy_test_avg05': 67.6796875, 'noisy_test_avg10': 52.037109375}
2024-09-16 08:18:48,638 - rcm_tune.py - {'avg_acc': -1, 'avg_loss': '6.873123361968994', 'avg_closs': 3.4538845329284666}
2024-09-16 08:19:01,163 - rcm_tune.py - {'epoch': 35, 'grad_norm': 22724.168139106463, 'param_norm': 542.8873187347162, 'lr': [6.591361832074035e-07, 6.591361832074035e-07, 1.0140556664729284e-06, 1.0140556664729284e-06, 1.560085640727582e-06, 1.560085640727582e-06, 2.4001317549655107e-06, 2.4001317549655107e-06, 3.692510392254632e-06, 3.692510392254632e-06, 5.68078521885328e-06, 5.68078521885328e-06, 8.739669567466584e-06, 8.739669567466584e-06, 1.3445645488410128e-05, 1.3445645488410128e-05, 2.068560844370789e-05, 2.068560844370789e-05, 3.182401299031983e-05, 3.182401299031983e-05, 4.8960019985107426e-05, 4.8960019985107426e-05, 7.532310766939603e-05, 7.532310766939603e-05, 0.00011588170410676314, 0.00011588170410676314, 0.00017827954477963557, 0.00017827954477963557], 'test_avg': 74.62890625, 'best_test_acc': '[74.638671875, 63.891927083333336, 71.166015625, 67.84765625, 52.83789062499999]', 'noisy_test_avg': 71.033203125, 'noisy_test_avg05': 67.84765625, 'noisy_test_avg10': 52.794921875}
2024-09-16 08:21:35,326 - rcm_tune.py - {'avg_acc': -1, 'avg_loss': '6.872163947296142', 'avg_closs': 3.453884840393066}
2024-09-16 08:21:48,006 - rcm_tune.py - {'epoch': 36, 'grad_norm': 24054.150490079148, 'param_norm': 543.9024767530082, 'lr': [6.540839272534936e-07, 6.540839272534936e-07, 1.0062829650053748e-06, 1.0062829650053748e-06, 1.5481276384698072e-06, 1.5481276384698072e-06, 2.381734828415088e-06, 2.381734828415088e-06, 3.6642074283309047e-06, 3.6642074283309047e-06, 5.637242197432161e-06, 5.637242197432161e-06, 8.672680303741786e-06, 8.672680303741786e-06, 1.334258508267967e-05, 1.334258508267967e-05, 2.0527053973353336e-05, 2.0527053973353336e-05, 3.158008303592821e-05, 3.158008303592821e-05, 4.858474313219724e-05, 4.858474313219724e-05, 7.474575866491883e-05, 7.474575866491883e-05, 0.0001149934748691059, 0.0001149934748691059, 0.0001769130382601629, 0.0001769130382601629], 'test_avg': 74.791015625, 'best_test_acc': '[74.791015625, 63.891927083333336, 71.427734375, 67.95703125, 52.83789062499999]', 'noisy_test_avg': 71.427734375, 'noisy_test_avg05': 67.95703125, 'noisy_test_avg10': 51.828125}
2024-09-16 08:24:22,081 - rcm_tune.py - {'avg_acc': -1, 'avg_loss': '6.871100170898438', 'avg_closs': 3.453885153198242}
2024-09-16 08:24:33,691 - rcm_tune.py - {'epoch': 37, 'grad_norm': 25422.236360224266, 'param_norm': 544.9251663692523, 'lr': [6.488981900217144e-07, 6.488981900217144e-07, 9.983049077257145e-07, 9.983049077257145e-07, 1.5358537041934066e-06, 1.5358537041934066e-06, 2.362851852605241e-06, 2.362851852605241e-06, 3.6351566963157552e-06, 3.6351566963157552e-06, 5.592548763562701e-06, 5.592548763562701e-06, 8.603921174711846e-06, 8.603921174711846e-06, 1.3236801807248993e-05, 1.3236801807248993e-05, 2.036431047269076e-05, 2.036431047269076e-05, 3.1329708419524246e-05, 3.1329708419524246e-05, 4.819955141465268e-05, 4.819955141465268e-05, 7.415315602254258e-05, 7.415315602254258e-05, 0.00011408177849621936, 0.00011408177849621936, 0.00017551042845572208, 0.00017551042845572208], 'test_avg': 74.705078125, 'best_test_acc': '[74.791015625, 63.891927083333336, 71.427734375, 67.95703125, 52.83789062499999]', 'noisy_test_avg': 71.185546875, 'noisy_test_avg05': 67.9453125, 'noisy_test_avg10': 51.96484375}
2024-09-16 08:27:07,766 - rcm_tune.py - {'avg_acc': -1, 'avg_loss': '6.870054877471924', 'avg_closs': 3.453885486602783}
2024-09-16 08:27:20,582 - rcm_tune.py - {'epoch': 38, 'grad_norm': 26827.724578215042, 'param_norm': 545.9555131417401, 'lr': [6.435814057176737e-07, 6.435814057176737e-07, 9.901252395656518e-07, 9.901252395656518e-07, 1.5232695993317718e-06, 1.5232695993317718e-06, 2.3434916912796493e-06, 2.3434916912796493e-06, 3.6053718327379217e-06, 3.6053718327379217e-06, 5.54672589651988e-06, 5.54672589651988e-06, 8.53342445618443e-06, 8.53342445618443e-06, 1.3128345317206814e-05, 1.3128345317206814e-05, 2.019745433416433e-05, 2.019745433416433e-05, 3.107300666794512e-05, 3.107300666794512e-05, 4.780462564299249e-05, 4.780462564299249e-05, 7.354557791229613e-05, 7.354557791229613e-05, 0.00011314704294199406, 0.00011314704294199406, 0.00017407237375691392, 0.00017407237375691392], 'test_avg': 74.896484375, 'best_test_acc': '[74.896484375, 63.954427083333336, 71.427734375, 68.06640625, 52.83789062499999]', 'noisy_test_avg': 71.27734375, 'noisy_test_avg05': 68.06640625, 'noisy_test_avg10': 52.51953124999999}
2024-09-16 08:29:54,805 - rcm_tune.py - {'avg_acc': -1, 'avg_loss': '6.869135852813721', 'avg_closs': 3.453885870742798}
2024-09-16 08:30:07,312 - rcm_tune.py - {'epoch': 39, 'grad_norm': 28266.62491401005, 'param_norm': 546.9871797594108, 'lr': [6.381360700609945e-07, 6.381360700609945e-07, 9.817478000938377e-07, 9.817478000938377e-07, 1.510381230913596e-06, 1.510381230913596e-06, 2.3236634321747634e-06, 2.3236634321747634e-06, 3.5748668187304054e-06, 3.5748668187304054e-06, 5.499795105739085e-06, 5.499795105739085e-06, 8.461223239598591e-06, 8.461223239598591e-06, 1.3017266522459372e-05, 1.3017266522459372e-05, 2.0026563880706723e-05, 2.0026563880706723e-05, 3.081009827801034e-05, 3.081009827801034e-05, 4.740015119693899e-05, 4.740015119693899e-05, 7.292330953375229e-05, 7.292330953375229e-05, 0.00011218970697500352, 0.00011218970697500352, 0.0001725995491923131, 0.0001725995491923131], 'test_avg': 74.810546875, 'best_test_acc': '[74.896484375, 63.96484375, 71.427734375, 68.142578125, 52.83789062499999]', 'noisy_test_avg': 71.40234375, 'noisy_test_avg05': 68.142578125, 'noisy_test_avg10': 52.34960937499999}
2024-09-16 08:32:41,438 - rcm_tune.py - {'avg_acc': -1, 'avg_loss': '6.8682175003051755', 'avg_closs': 3.4538862617492674}
2024-09-16 08:32:53,659 - rcm_tune.py - {'epoch': 40, 'grad_norm': 29739.097522658918, 'param_norm': 548.0231172617866, 'lr': [6.32564739113814e-07, 6.32564739113814e-07, 9.7317652171356e-07, 9.7317652171356e-07, 1.4971946487900921e-06, 1.4971946487900921e-06, 2.303376382753988e-06, 2.303376382753988e-06, 3.5436559734676735e-06, 3.5436559734676735e-06, 5.451778420719498e-06, 5.451778420719498e-06, 8.387351416491534e-06, 8.387351416491534e-06, 1.2903617563833129e-05, 1.2903617563833129e-05, 1.9851719328974045e-05, 1.9851719328974045e-05, 3.054110665996007e-05, 3.054110665996007e-05, 4.69863179384001e-05, 4.69863179384001e-05, 7.2286642982154e-05, 7.2286642982154e-05, 0.00011121021997254462, 0.00011121021997254462, 0.00017109264611160708, 0.00017109264611160708], 'test_avg': 74.751953125, 'best_test_acc': '[74.896484375, 63.998697916666664, 71.470703125, 68.23046875, 52.83789062499999]', 'noisy_test_avg': 71.470703125, 'noisy_test_avg05': 68.23046875, 'noisy_test_avg10': 52.294921875}
2024-09-16 08:35:27,851 - rcm_tune.py - {'avg_acc': -1, 'avg_loss': '6.86713076171875', 'avg_closs': 3.453886597442627}
2024-09-16 08:35:39,349 - rcm_tune.py - {'epoch': 41, 'grad_norm': 31250.638491234415, 'param_norm': 549.0652664943432, 'lr': [6.268700280809581e-07, 6.268700280809581e-07, 9.644154278168587e-07, 9.644154278168587e-07, 1.4837160427951668e-06, 1.4837160427951668e-06, 2.2826400658387184e-06, 2.2826400658387184e-06, 3.5117539474441823e-06, 3.5117539474441823e-06, 5.402698380683357e-06, 5.402698380683357e-06, 8.31184366258978e-06, 8.31184366258978e-06, 1.278745178859966e-05, 1.278745178859966e-05, 1.9673002751691784e-05, 1.9673002751691784e-05, 3.026615807952582e-05, 3.026615807952582e-05, 4.6563320122347414e-05, 4.6563320122347414e-05, 7.163587711130371e-05, 7.163587711130371e-05, 0.00011020904170969802, 0.00011020904170969802, 0.00016955237186107387, 0.00016955237186107387], 'test_avg': 74.765625, 'best_test_acc': '[74.896484375, 63.998697916666664, 71.470703125, 68.23046875, 52.83789062499999]', 'noisy_test_avg': 71.39453125, 'noisy_test_avg05': 68.017578125, 'noisy_test_avg10': 52.05078125}
2024-09-16 08:38:13,455 - rcm_tune.py - {'avg_acc': -1, 'avg_loss': '6.866074244689941', 'avg_closs': 3.453886868286133}
2024-09-16 08:38:25,502 - rcm_tune.py - {'epoch': 42, 'grad_norm': 32799.69313388273, 'param_norm': 550.109849507689, 'lr': [6.21054610082354e-07, 6.21054610082354e-07, 9.554686308959293e-07, 9.554686308959293e-07, 1.469951739839891e-06, 1.469951739839891e-06, 2.261464215138294e-06, 2.261464215138294e-06, 3.4791757155973753e-06, 3.4791757155973753e-06, 5.352578023995962e-06, 5.352578023995962e-06, 8.234735421532248e-06, 8.234735421532248e-06, 1.2668823725434228e-05, 1.2668823725434228e-05, 1.9490498039129582e-05, 1.9490498039129582e-05, 2.9985381598660892e-05, 2.9985381598660892e-05, 4.6131356305632144e-05, 4.6131356305632144e-05, 7.097131739328022e-05, 7.097131739328022e-05, 0.00010918664214350803, 0.00010918664214350803, 0.0001679794494515508, 0.0001679794494515508], 'test_avg': 74.787109375, 'best_test_acc': '[74.896484375, 63.998697916666664, 71.470703125, 68.392578125, 52.83789062499999]', 'noisy_test_avg': 71.314453125, 'noisy_test_avg05': 68.392578125, 'noisy_test_avg10': 52.02148437500001}
2024-09-16 08:40:59,785 - rcm_tune.py - {'avg_acc': -1, 'avg_loss': '6.865054566955567', 'avg_closs': 3.453887252807617}
2024-09-16 08:41:10,806 - rcm_tune.py - {'epoch': 43, 'grad_norm': 34385.65402915582, 'param_norm': 551.1594468564645, 'lr': [6.151212148982571e-07, 6.151212148982571e-07, 9.463403306127032e-07, 9.463403306127032e-07, 1.4559082009426202e-06, 1.4559082009426202e-06, 2.239858770680954e-06, 2.239858770680954e-06, 3.4459365702783907e-06, 3.4459365702783907e-06, 5.301440877351371e-06, 5.301440877351371e-06, 8.156062888232878e-06, 8.156062888232878e-06, 1.2547789058819811e-05, 1.2547789058819811e-05, 1.9304290859722785e-05, 1.9304290859722785e-05, 2.969890901495813e-05, 2.969890901495813e-05, 4.5690629253781735e-05, 4.5690629253781735e-05, 7.029327577504882e-05, 7.029327577504882e-05, 0.0001081435011923828, 0.0001081435011923828, 0.00016637461721905045, 0.00016637461721905045], 'test_avg': 74.72265625, 'best_test_acc': '[74.896484375, 63.998697916666664, 71.470703125, 68.392578125, 52.83789062499999]', 'noisy_test_avg': 71.29296875, 'noisy_test_avg05': 68.15625, 'noisy_test_avg10': 51.82617187500001}
2024-09-16 08:43:44,956 - rcm_tune.py - {'avg_acc': -1, 'avg_loss': '6.864156919860839', 'avg_closs': 3.453887561416626}
2024-09-16 08:43:55,988 - rcm_tune.py - {'epoch': 44, 'grad_norm': 36004.34539939562, 'param_norm': 552.2101048146259, 'lr': [6.090726276878808e-07, 6.090726276878808e-07, 9.37034811827509e-07, 9.37034811827509e-07, 1.4415920181961675e-06, 1.4415920181961675e-06, 2.21783387414795e-06, 2.21783387414795e-06, 3.412052114073769e-06, 3.412052114073769e-06, 5.249310944728876e-06, 5.249310944728876e-06, 8.075862991890577e-06, 8.075862991890577e-06, 1.242440460290858e-05, 1.242440460290858e-05, 1.911446861985935e-05, 1.911446861985935e-05, 2.9406874799783617e-05, 2.9406874799783617e-05, 4.524134584582095e-05, 4.524134584582095e-05, 6.960207053203223e-05, 6.960207053203223e-05, 0.00010708010851081882, 0.00010708010851081882, 0.00016473862847818277, 0.00016473862847818277], 'test_avg': 74.837890625, 'best_test_acc': '[74.896484375, 63.998697916666664, 71.470703125, 68.392578125, 52.83789062499999]', 'noisy_test_avg': 71.1953125, 'noisy_test_avg05': 68.236328125, 'noisy_test_avg10': 52.26562500000001}
2024-09-16 08:46:30,226 - rcm_tune.py - {'avg_acc': -1, 'avg_loss': '6.862995774841308', 'avg_closs': 3.453887916564941}
2024-09-16 08:46:41,405 - rcm_tune.py - {'epoch': 45, 'grad_norm': 37663.9000493239, 'param_norm': 553.2664875817487, 'lr': [6.029116876820325e-07, 6.029116876820325e-07, 9.275564425877425e-07, 9.275564425877425e-07, 1.4270099116734498e-06, 1.4270099116734498e-06, 2.195399864113e-06, 2.195399864113e-06, 3.377538252481538e-06, 3.377538252481538e-06, 5.196212696125443e-06, 5.196212696125443e-06, 7.994173378654527e-06, 7.994173378654527e-06, 1.2298728274853118e-05, 1.2298728274853118e-05, 1.892112042285095e-05, 1.892112042285095e-05, 2.9109416035155306e-05, 2.9109416035155306e-05, 4.478371697716201e-05, 4.478371697716201e-05, 6.889802611871078e-05, 6.889802611871078e-05, 0.00010599696325955504, 0.00010599696325955504, 0.00016307225116854622, 0.00016307225116854622], 'test_avg': 74.791015625, 'best_test_acc': '[74.896484375, 63.998697916666664, 71.470703125, 68.392578125, 52.83789062499999]', 'noisy_test_avg': 71.40234375, 'noisy_test_avg05': 68.23046875, 'noisy_test_avg10': 51.48046875}
2024-09-16 08:49:15,459 - rcm_tune.py - {'avg_acc': -1, 'avg_loss': '6.862337194061279', 'avg_closs': 3.4538883682250976}
2024-09-16 08:49:27,306 - rcm_tune.py - {'epoch': 46, 'grad_norm': 39348.1031489939, 'param_norm': 554.3157488912299, 'lr': [5.96641286850367e-07, 5.96641286850367e-07, 9.179096720774877e-07, 9.179096720774877e-07, 1.4121687262730577e-06, 1.4121687262730577e-06, 2.1725672711893196e-06, 2.1725672711893196e-06, 3.342411186445107e-06, 3.342411186445107e-06, 5.142171056069396e-06, 5.142171056069396e-06, 7.911032393952917e-06, 7.911032393952917e-06, 1.2170819067619869e-05, 1.2170819067619869e-05, 1.872433702710749e-05, 1.872433702710749e-05, 2.880667234939614e-05, 2.880667234939614e-05, 4.431795746060944e-05, 4.431795746060944e-05, 6.818147301632221e-05, 6.818147301632221e-05, 0.00010489457387126495, 0.00010489457387126495, 0.00016137626749425377, 0.00016137626749425377], 'test_avg': 74.6640625, 'best_test_acc': '[74.896484375, 63.998697916666664, 71.470703125, 68.392578125, 52.83789062499999]', 'noisy_test_avg': 71.28515625, 'noisy_test_avg05': 68.248046875, 'noisy_test_avg10': 51.546875}
2024-09-16 08:52:01,634 - rcm_tune.py - {'avg_acc': -1, 'avg_loss': '6.861279022979736', 'avg_closs': 3.453888692474365}
2024-09-16 08:52:14,286 - rcm_tune.py - {'epoch': 47, 'grad_norm': 41070.29843631389, 'param_norm': 555.3655992817997, 'lr': [5.902643685438844e-07, 5.902643685438844e-07, 9.08099028529053e-07, 9.08099028529053e-07, 1.3970754285062351e-06, 1.3970754285062351e-06, 2.1493468130865157e-06, 2.1493468130865157e-06, 3.3066874047484854e-06, 3.3066874047484854e-06, 5.087211391920747e-06, 5.087211391920747e-06, 7.826479064493456e-06, 7.826479064493456e-06, 1.2040737022297625e-05, 1.2040737022297625e-05, 1.8524210803534806e-05, 1.8524210803534806e-05, 2.849878585159201e-05, 2.849878585159201e-05, 4.3844285925526164e-05, 4.3844285925526164e-05, 6.745274757773255e-05, 6.745274757773255e-05, 0.00010377345781189625, 0.00010377345781189625, 0.00015965147355676343, 0.00015965147355676343], 'test_avg': 74.763671875, 'best_test_acc': '[74.896484375, 63.998697916666664, 71.470703125, 68.48828125, 52.83789062499999]', 'noisy_test_avg': 71.267578125, 'noisy_test_avg05': 68.48828125, 'noisy_test_avg10': 51.57031250000001}
2024-09-16 08:54:48,850 - rcm_tune.py - {'avg_acc': -1, 'avg_loss': '6.86028084487915', 'avg_closs': 3.4538891010284423}
2024-09-16 08:55:01,044 - rcm_tune.py - {'epoch': 48, 'grad_norm': 42828.056225670116, 'param_norm': 556.4170488113512, 'lr': [5.837839261133097e-07, 5.837839261133097e-07, 8.981291170973996e-07, 8.981291170973996e-07, 1.3817371032267684e-06, 1.3817371032267684e-06, 2.125749389579644e-06, 2.125749389579644e-06, 3.270383676276375e-06, 3.270383676276375e-06, 5.031359501963654e-06, 5.031359501963654e-06, 7.740553079944082e-06, 7.740553079944082e-06, 1.1908543199913972e-05, 1.1908543199913972e-05, 1.832083569217534e-05, 1.832083569217534e-05, 2.818590106488514e-05, 2.818590106488514e-05, 4.3362924715207905e-05, 4.3362924715207905e-05, 6.671219186955062e-05, 6.671219186955062e-05, 0.00010263414133777019, 0.00010263414133777019, 0.0001578986789811849, 0.0001578986789811849], 'test_avg': 74.765625, 'best_test_acc': '[74.896484375, 63.998697916666664, 71.470703125, 68.48828125, 52.83789062499999]', 'noisy_test_avg': 71.234375, 'noisy_test_avg05': 68.18359375, 'noisy_test_avg10': 52.20312499999999}
2024-09-16 08:57:35,337 - rcm_tune.py - {'avg_acc': -1, 'avg_loss': '6.859372149658203', 'avg_closs': 3.45388945350647}
2024-09-16 08:57:47,185 - rcm_tune.py - {'epoch': 49, 'grad_norm': 44618.49370651299, 'param_norm': 557.4699100822559, 'lr': [5.77203001504002e-07, 5.77203001504002e-07, 8.880046176984647e-07, 8.880046176984647e-07, 1.3661609503053301e-06, 1.3661609503053301e-06, 2.101786077392816e-06, 2.101786077392816e-06, 3.233517042142793e-06, 3.233517042142793e-06, 4.9746416032966055e-06, 4.9746416032966055e-06, 7.653294774302469e-06, 7.653294774302469e-06, 1.1774299652773028e-05, 1.1774299652773028e-05, 1.811430715811235e-05, 1.811430715811235e-05, 2.7868164858634385e-05, 2.7868164858634385e-05, 4.2874099782514435e-05, 4.2874099782514435e-05, 6.596015351156067e-05, 6.596015351156067e-05, 0.00010147715924855487, 0.00010147715924855487, 0.00015611870653623825, 0.00015611870653623825], 'test_avg': 74.865234375, 'best_test_acc': '[74.896484375, 63.998697916666664, 71.470703125, 68.48828125, 52.83789062499999]', 'noisy_test_avg': 71.267578125, 'noisy_test_avg05': 68.470703125, 'noisy_test_avg10': 51.9140625}
